2018-03-23 15:27:57 5572 [Note] Plugin 'FEDERATED' is disabled.
2018-03-23 15:27:57 5572 [Note] InnoDB: The InnoDB memory heap is disabled
2018-03-23 15:27:57 5572 [Note] InnoDB: Mutexes and rw_locks use Windows interlocked functions
2018-03-23 15:27:57 5572 [Note] InnoDB: Compressed tables use zlib 1.2.3
2018-03-23 15:27:57 5572 [Note] InnoDB: Not using CPU crc32 instructions
2018-03-23 15:27:57 5572 [Note] InnoDB: Initializing buffer pool, size = 128.0M
2018-03-23 15:27:57 5572 [Note] InnoDB: Completed initialization of buffer pool
2018-03-23 15:27:57 5572 [Note] InnoDB: Setting log file C:\Users\ITE152A-27\Desktop\USBWebserver v8.6\mysql\data\ib_logfile101 size to 5 MB
2018-03-23 15:27:57 5572 [Note] InnoDB: Setting log file C:\Users\ITE152A-27\Desktop\USBWebserver v8.6\mysql\data\ib_logfile1 size to 5 MB
2018-03-23 15:27:57 5572 [Note] InnoDB: Renaming log file C:\Users\ITE152A-27\Desktop\USBWebserver v8.6\mysql\data\ib_logfile101 to C:\Users\ITE152A-27\Desktop\USBWebserver v8.6\mysql\data\ib_logfile0
2018-03-23 15:27:57 5572 [Warning] InnoDB: New log files created, LSN=1626134
2018-03-23 15:27:57 5572 [Note] InnoDB: Highest supported file format is Barracuda.
2018-03-23 15:27:57 5572 [Note] InnoDB: 128 rollback segment(s) are active.
2018-03-23 15:27:57 5572 [Note] InnoDB: Waiting for purge to start
2018-03-23 15:27:57 5572 [Note] InnoDB: 5.6.13 started; log sequence number 1626636
2018-03-23 15:27:57 5572 [Warning] No existing UUID has been found, so we assume that this is the first time that this server has been started. Generating a new UUID: b59d2e2b-2e6b-11e8-8c3a-60a44c60adff.
2018-03-23 15:27:57 5572 [Note] Server hostname (bind-address): '*'; port: 3307
2018-03-23 15:27:57 5572 [Note] IPv6 is available.
2018-03-23 15:27:57 5572 [Note]   - '::' resolves to '::';
2018-03-23 15:27:57 5572 [Note] Server socket created on IP: '::'.
2018-03-23 15:28:08 5456 [Note] Plugin 'FEDERATED' is disabled.
2018-03-23 15:28:08 5456 [Note] InnoDB: The InnoDB memory heap is disabled
2018-03-23 15:28:08 5456 [Note] InnoDB: Mutexes and rw_locks use Windows interlocked functions
2018-03-23 15:28:08 5456 [Note] InnoDB: Compressed tables use zlib 1.2.3
2018-03-23 15:28:08 5456 [Note] InnoDB: Not using CPU crc32 instructions
2018-03-23 15:28:08 5456 [Note] InnoDB: Initializing buffer pool, size = 128.0M
2018-03-23 15:28:08 5456 [Note] InnoDB: Completed initialization of buffer pool
2018-03-23 15:28:08 5456 [ERROR] InnoDB: C:\Users\ITE152A-27\Desktop\USBWebserver v8.6\mysql\data\ib_logfile0 can't be opened in read-write mode
2018-03-23 15:28:08 5456 [ERROR] Plugin 'InnoDB' init function returned error.
2018-03-23 15:28:08 5456 [ERROR] Plugin 'InnoDB' registration as a STORAGE ENGINE failed.
2018-03-23 15:28:08 5456 [ERROR] Unknown/unsupported storage engine: InnoDB
2018-03-23 15:28:08 5456 [ERROR] Aborting

2018-03-23 15:28:08 5456 [Note] Binlog end
2018-03-23 15:28:08 5456 [Note] Shutting down plugin 'partition'
2018-03-23 15:28:08 5456 [Note] Shutting down plugin 'PERFORMANCE_SCHEMA'
2018-03-23 15:28:08 5456 [Note] Shutting down plugin 'INNODB_SYS_DATAFILES'
2018-03-23 15:28:08 5456 [Note] Shutting down plugin 'INNODB_SYS_TABLESPACES'
2018-03-23 15:28:08 5456 [Note] Shutting down plugin 'INNODB_SYS_FOREIGN_COLS'
2018-03-23 15:28:08 5456 [Note] Shutting down plugin 'INNODB_SYS_FOREIGN'
2018-03-23 15:28:08 5456 [Note] Shutting down plugin 'INNODB_SYS_FIELDS'
2018-03-23 15:28:08 5456 [Note] Shutting down plugin 'INNODB_SYS_COLUMNS'
2018-03-23 15:28:08 5456 [Note] Shutting down plugin 'INNODB_SYS_INDEXES'
2018-03-23 15:28:08 5456 [Note] Shutting down plugin 'INNODB_SYS_TABLESTATS'
2018-03-23 15:28:08 5456 [Note] Shutting down plugin 'INNODB_SYS_TABLES'
2018-03-23 15:28:08 5456 [Note] Shutting down plugin 'INNODB_FT_INDEX_TABLE'
2018-03-23 15:28:08 5456 [Note] Shutting down plugin 'INNODB_FT_INDEX_CACHE'
2018-03-23 15:28:08 5456 [Note] Shutting down plugin 'INNODB_FT_CONFIG'
2018-03-23 15:28:08 5456 [Note] Shutting down plugin 'INNODB_FT_BEING_DELETED'
2018-03-23 15:28:08 5456 [Note] Shutting down plugin 'INNODB_FT_DELETED'
2018-03-23 15:28:08 5456 [Note] Shutting down plugin 'INNODB_FT_DEFAULT_STOPWORD'
2018-03-23 15:28:08 5456 [Note] Shutting down plugin 'INNODB_METRICS'
2018-03-23 15:28:08 5456 [Note] Shutting down plugin 'INNODB_BUFFER_POOL_STATS'
2018-03-23 15:28:08 5456 [Note] Shutting down plugin 'INNODB_BUFFER_PAGE_LRU'
2018-03-23 15:28:08 5456 [Note] Shutting down plugin 'INNODB_BUFFER_PAGE'
2018-03-23 15:28:08 5456 [Note] Shutting down plugin 'INNODB_CMP_PER_INDEX_RESET'
2018-03-23 15:28:08 5456 [Note] Shutting down plugin 'INNODB_CMP_PER_INDEX'
2018-03-23 15:28:08 5456 [Note] Shutting down plugin 'INNODB_CMPMEM_RESET'
2018-03-23 15:28:08 5456 [Note] Shutting down plugin 'INNODB_CMPMEM'
2018-03-23 15:28:08 5456 [Note] Shutting down plugin 'INNODB_CMP_RESET'
2018-03-23 15:28:08 5456 [Note] Shutting down plugin 'INNODB_CMP'
2018-03-23 15:28:08 5456 [Note] Shutting down plugin 'INNODB_LOCK_WAITS'
2018-03-23 15:28:08 5456 [Note] Shutting down plugin 'INNODB_LOCKS'
2018-03-23 15:28:08 5456 [Note] Shutting down plugin 'INNODB_TRX'
2018-03-23 15:28:08 5456 [Note] Shutting down plugin 'BLACKHOLE'
2018-03-23 15:28:08 5456 [Note] Shutting down plugin 'ARCHIVE'
2018-03-23 15:28:08 5456 [Note] Shutting down plugin 'MRG_MYISAM'
2018-03-23 15:28:08 5456 [Note] Shutting down plugin 'MyISAM'
2018-03-23 15:28:08 5456 [Note] Shutting down plugin 'MEMORY'
2018-03-23 15:28:08 5456 [Note] Shutting down plugin 'CSV'
2018-03-23 15:28:08 5456 [Note] Shutting down plugin 'sha256_password'
2018-03-23 15:28:08 5456 [Note] Shutting down plugin 'mysql_old_password'
2018-03-23 15:28:08 5456 [Note] Shutting down plugin 'mysql_native_password'
2018-03-23 15:28:08 5456 [Note] Shutting down plugin 'binlog'
2018-03-23 15:28:08 5456 [Note] C:\Users\ITE152A-27\Desktop\USBWebserver v8.6/mysql/bin/mysqld_usbwv8.exe: Shutdown complete

2018-03-23 15:28:18 924 [Note] Plugin 'FEDERATED' is disabled.
2018-03-23 15:28:18 924 [Note] InnoDB: The InnoDB memory heap is disabled
2018-03-23 15:28:18 924 [Note] InnoDB: Mutexes and rw_locks use Windows interlocked functions
2018-03-23 15:28:18 924 [Note] InnoDB: Compressed tables use zlib 1.2.3
2018-03-23 15:28:18 924 [Note] InnoDB: Not using CPU crc32 instructions
2018-03-23 15:28:18 924 [Note] InnoDB: Initializing buffer pool, size = 128.0M
2018-03-23 15:28:18 924 [Note] InnoDB: Completed initialization of buffer pool
2018-03-23 15:28:18 924 [Note] InnoDB: Highest supported file format is Barracuda.
2018-03-23 15:28:18 924 [Note] InnoDB: The log sequence numbers 1626134 and 1626134 in ibdata files do not match the log sequence number 1626646 in the ib_logfiles!
2018-03-23 15:28:18 924 [Note] InnoDB: Database was not shutdown normally!
2018-03-23 15:28:18 924 [Note] InnoDB: Starting crash recovery.
2018-03-23 15:28:18 924 [Note] InnoDB: Reading tablespace information from the .ibd files...
2018-03-23 15:28:18 924 [Note] InnoDB: Restoring possible half-written data pages 
2018-03-23 15:28:18 924 [Note] InnoDB: from the doublewrite buffer...
2018-03-23 15:28:18 924 [Note] InnoDB: 128 rollback segment(s) are active.
2018-03-23 15:28:18 924 [Note] InnoDB: Waiting for purge to start
2018-03-23 15:28:18 924 [Note] InnoDB: 5.6.13 started; log sequence number 1626646
2018-03-23 15:28:18 924 [Note] Server hostname (bind-address): '*'; port: 3307
2018-03-23 15:28:18 924 [Note] IPv6 is available.
2018-03-23 15:28:18 924 [Note]   - '::' resolves to '::';
2018-03-23 15:28:18 924 [Note] Server socket created on IP: '::'.
2018-04-06 14:58:20 4516 [Note] Plugin 'FEDERATED' is disabled.
2018-04-06 14:58:20 4516 [Note] InnoDB: The InnoDB memory heap is disabled
2018-04-06 14:58:20 4516 [Note] InnoDB: Mutexes and rw_locks use Windows interlocked functions
2018-04-06 14:58:20 4516 [Note] InnoDB: Compressed tables use zlib 1.2.3
2018-04-06 14:58:20 4516 [Note] InnoDB: Not using CPU crc32 instructions
2018-04-06 14:58:20 4516 [Note] InnoDB: Initializing buffer pool, size = 128.0M
2018-04-06 14:58:20 4516 [Note] InnoDB: Completed initialization of buffer pool
2018-04-06 14:58:20 4516 [Note] InnoDB: Highest supported file format is Barracuda.
2018-04-06 14:58:20 4516 [Note] InnoDB: The log sequence numbers 1626134 and 1626134 in ibdata files do not match the log sequence number 1626656 in the ib_logfiles!
2018-04-06 14:58:20 4516 [Note] InnoDB: Database was not shutdown normally!
2018-04-06 14:58:20 4516 [Note] InnoDB: Starting crash recovery.
2018-04-06 14:58:20 4516 [Note] InnoDB: Reading tablespace information from the .ibd files...
2018-04-06 14:58:20 4516 [Note] InnoDB: Restoring possible half-written data pages 
2018-04-06 14:58:20 4516 [Note] InnoDB: from the doublewrite buffer...
2018-04-06 14:58:21 4516 [Note] InnoDB: 128 rollback segment(s) are active.
2018-04-06 14:58:21 4516 [Note] InnoDB: Waiting for purge to start
2018-04-06 14:58:21 4516 [Note] InnoDB: 5.6.13 started; log sequence number 1626656
2018-04-06 14:58:21 4516 [Note] Server hostname (bind-address): '*'; port: 3307
2018-04-06 14:58:21 4516 [Note] IPv6 is available.
2018-04-06 14:58:21 4516 [Note]   - '::' resolves to '::';
2018-04-06 14:58:21 4516 [Note] Server socket created on IP: '::'.
2018-04-06 15:25:49 7652 [Note] Plugin 'FEDERATED' is disabled.
2018-04-06 15:25:49 7652 [Note] InnoDB: The InnoDB memory heap is disabled
2018-04-06 15:25:49 7652 [Note] InnoDB: Mutexes and rw_locks use Windows interlocked functions
2018-04-06 15:25:49 7652 [Note] InnoDB: Compressed tables use zlib 1.2.3
2018-04-06 15:25:49 7652 [Note] InnoDB: Not using CPU crc32 instructions
2018-04-06 15:25:49 7652 [Note] InnoDB: Initializing buffer pool, size = 128.0M
2018-04-06 15:25:49 7652 [Note] InnoDB: Completed initialization of buffer pool
2018-04-06 15:25:49 7652 [Note] InnoDB: Highest supported file format is Barracuda.
2018-04-06 15:25:49 7652 [Note] InnoDB: The log sequence numbers 1626134 and 1626134 in ibdata files do not match the log sequence number 1638814 in the ib_logfiles!
2018-04-06 15:25:49 7652 [Note] InnoDB: Database was not shutdown normally!
2018-04-06 15:25:49 7652 [Note] InnoDB: Starting crash recovery.
2018-04-06 15:25:49 7652 [Note] InnoDB: Reading tablespace information from the .ibd files...
2018-04-06 15:25:49 7652 [Note] InnoDB: Restoring possible half-written data pages 
2018-04-06 15:25:49 7652 [Note] InnoDB: from the doublewrite buffer...
2018-04-06 15:25:50 7652 [Note] InnoDB: 128 rollback segment(s) are active.
2018-04-06 15:25:50 7652 [Note] InnoDB: Waiting for purge to start
2018-04-06 15:25:50 7652 [Note] InnoDB: 5.6.13 started; log sequence number 1638814
2018-04-06 15:25:50 7652 [Note] Server hostname (bind-address): '*'; port: 3307
2018-04-06 15:25:50 7652 [Note] IPv6 is available.
2018-04-06 15:25:50 7652 [Note]   - '::' resolves to '::';
2018-04-06 15:25:50 7652 [Note] Server socket created on IP: '::'.
2018-04-06 15:26:11 7700 [Note] Plugin 'FEDERATED' is disabled.
2018-04-06 15:26:11 7700 [Note] InnoDB: The InnoDB memory heap is disabled
2018-04-06 15:26:11 7700 [Note] InnoDB: Mutexes and rw_locks use Windows interlocked functions
2018-04-06 15:26:11 7700 [Note] InnoDB: Compressed tables use zlib 1.2.3
2018-04-06 15:26:11 7700 [Note] InnoDB: Not using CPU crc32 instructions
2018-04-06 15:26:11 7700 [Note] InnoDB: Initializing buffer pool, size = 128.0M
2018-04-06 15:26:11 7700 [Note] InnoDB: Completed initialization of buffer pool
2018-04-06 15:26:11 7700 [Note] InnoDB: Highest supported file format is Barracuda.
2018-04-06 15:26:11 7700 [Note] InnoDB: The log sequence numbers 1626134 and 1626134 in ibdata files do not match the log sequence number 1638824 in the ib_logfiles!
2018-04-06 15:26:11 7700 [Note] InnoDB: Database was not shutdown normally!
2018-04-06 15:26:11 7700 [Note] InnoDB: Starting crash recovery.
2018-04-06 15:26:11 7700 [Note] InnoDB: Reading tablespace information from the .ibd files...
2018-04-06 15:26:11 7700 [Note] InnoDB: Restoring possible half-written data pages 
2018-04-06 15:26:11 7700 [Note] InnoDB: from the doublewrite buffer...
2018-04-06 15:26:11 7700 [Note] InnoDB: 128 rollback segment(s) are active.
2018-04-06 15:26:11 7700 [Note] InnoDB: Waiting for purge to start
2018-04-06 15:26:12 7700 [Note] InnoDB: 5.6.13 started; log sequence number 1638824
2018-04-06 15:26:12 7700 [Note] Server hostname (bind-address): '*'; port: 3307
2018-04-06 15:26:12 7700 [Note] IPv6 is available.
2018-04-06 15:26:12 7700 [Note]   - '::' resolves to '::';
2018-04-06 15:26:12 7700 [Note] Server socket created on IP: '::'.
2018-04-06 15:38:49 3120 [Note] Plugin 'FEDERATED' is disabled.
2018-04-06 15:38:49 3120 [Note] InnoDB: The InnoDB memory heap is disabled
2018-04-06 15:38:49 3120 [Note] InnoDB: Mutexes and rw_locks use Windows interlocked functions
2018-04-06 15:38:49 3120 [Note] InnoDB: Compressed tables use zlib 1.2.3
2018-04-06 15:38:49 3120 [Note] InnoDB: Not using CPU crc32 instructions
2018-04-06 15:38:49 3120 [Note] InnoDB: Initializing buffer pool, size = 128.0M
2018-04-06 15:38:49 3120 [Note] InnoDB: Completed initialization of buffer pool
2018-04-06 15:38:49 3120 [Note] InnoDB: Highest supported file format is Barracuda.
2018-04-06 15:38:49 3120 [Note] InnoDB: The log sequence numbers 1626134 and 1626134 in ibdata files do not match the log sequence number 1638834 in the ib_logfiles!
2018-04-06 15:38:49 3120 [Note] InnoDB: Database was not shutdown normally!
2018-04-06 15:38:49 3120 [Note] InnoDB: Starting crash recovery.
2018-04-06 15:38:49 3120 [Note] InnoDB: Reading tablespace information from the .ibd files...
2018-04-06 15:38:49 3120 [Note] InnoDB: Restoring possible half-written data pages 
2018-04-06 15:38:49 3120 [Note] InnoDB: from the doublewrite buffer...
2018-04-06 15:38:50 3120 [Note] InnoDB: 128 rollback segment(s) are active.
2018-04-06 15:38:50 3120 [Note] InnoDB: Waiting for purge to start
2018-04-06 15:38:50 3120 [Note] InnoDB: 5.6.13 started; log sequence number 1638834
2018-04-06 15:38:50 3120 [Note] Server hostname (bind-address): '*'; port: 3307
2018-04-06 15:38:50 3120 [Note] IPv6 is available.
2018-04-06 15:38:50 3120 [Note]   - '::' resolves to '::';
2018-04-06 15:38:50 3120 [Note] Server socket created on IP: '::'.
2018-04-06 15:40:36 6124 [Note] Plugin 'FEDERATED' is disabled.
2018-04-06 15:40:36 6124 [Note] InnoDB: The InnoDB memory heap is disabled
2018-04-06 15:40:36 6124 [Note] InnoDB: Mutexes and rw_locks use Windows interlocked functions
2018-04-06 15:40:36 6124 [Note] InnoDB: Compressed tables use zlib 1.2.3
2018-04-06 15:40:36 6124 [Note] InnoDB: Not using CPU crc32 instructions
2018-04-06 15:40:36 6124 [Note] InnoDB: Initializing buffer pool, size = 128.0M
2018-04-06 15:40:36 6124 [Note] InnoDB: Completed initialization of buffer pool
2018-04-06 15:40:36 6124 [Note] InnoDB: Highest supported file format is Barracuda.
2018-04-06 15:40:36 6124 [Note] InnoDB: The log sequence numbers 1626134 and 1626134 in ibdata files do not match the log sequence number 1638844 in the ib_logfiles!
2018-04-06 15:40:36 6124 [Note] InnoDB: Database was not shutdown normally!
2018-04-06 15:40:36 6124 [Note] InnoDB: Starting crash recovery.
2018-04-06 15:40:36 6124 [Note] InnoDB: Reading tablespace information from the .ibd files...
2018-04-06 15:40:36 6124 [Note] InnoDB: Restoring possible half-written data pages 
2018-04-06 15:40:36 6124 [Note] InnoDB: from the doublewrite buffer...
2018-04-06 15:40:36 6124 [Note] InnoDB: 128 rollback segment(s) are active.
2018-04-06 15:40:36 6124 [Note] InnoDB: Waiting for purge to start
2018-04-06 15:40:36 6124 [Note] InnoDB: 5.6.13 started; log sequence number 1638844
2018-04-06 15:40:36 6124 [Note] Server hostname (bind-address): '*'; port: 3307
2018-04-06 15:40:36 6124 [Note] IPv6 is available.
2018-04-06 15:40:36 6124 [Note]   - '::' resolves to '::';
2018-04-06 15:40:36 6124 [Note] Server socket created on IP: '::'.
